<?xml version="1.0" encoding="UTF-8"?>
<Site BuildName="(empty)"
	BuildStamp="20250909-0553-Experimental"
	Name="Linux-TUF-F15"
	Generator="ctest-3.22.1"
	CompilerName="/usr/bin/g++"
	CompilerVersion="11.4.0"
	OSName="Linux"
	Hostname="Linux-TUF-F15"
	OSRelease="6.8.0-79-generic"
	OSVersion="#79~22.04.1-Ubuntu SMP PREEMPT_DYNAMIC Fri Aug 15 16:54:53 UTC 2"
	OSPlatform="x86_64"
	Is64Bits="1"
	VendorString="GenuineIntel"
	VendorID="Intel Corporation"
	FamilyID="6"
	ModelID="141"
	ProcessorCacheSize="24576"
	NumberOfLogicalCPU="16"
	NumberOfPhysicalCPU="8"
	TotalVirtualMemory="0"
	TotalPhysicalMemory="15729"
	LogicalProcessorsPerPhysical="2"
	ProcessorClockFrequency="1599.98"
	>
	<Testing>
		<StartDateTime>Sep 09 11:23 IST</StartDateTime>
		<StartTestTime>1757397180</StartTestTime>
		<TestList/>
		<EndDateTime>Sep 09 11:23 IST</EndDateTime>
		<EndTestTime>1757397180</EndTestTime>
		<ElapsedMinutes>0</ElapsedMinutes>
	</Testing>
</Site>
