<?xml version="1.0" encoding="UTF-8"?>
<Site BuildName="(empty)"
	BuildStamp="20250923-0727-Experimental"
	Name="Linux-TUF-F15"
	Generator="ctest-3.22.1"
	CompilerName="/usr/bin/g++"
	CompilerVersion="11.4.0"
	OSName="Linux"
	Hostname="Linux-TUF-F15"
	OSRelease="6.8.0-83-generic"
	OSVersion="#83~22.04.1-Ubuntu SMP PREEMPT_DYNAMIC Tue Sep  9 18:19:47 UTC 2"
	OSPlatform="x86_64"
	Is64Bits="1"
	VendorString="GenuineIntel"
	VendorID="Intel Corporation"
	FamilyID="6"
	ModelID="141"
	ProcessorCacheSize="24576"
	NumberOfLogicalCPU="16"
	NumberOfPhysicalCPU="8"
	TotalVirtualMemory="0"
	TotalPhysicalMemory="15729"
	LogicalProcessorsPerPhysical="2"
	ProcessorClockFrequency="800.334"
	>
	<Testing>
		<StartDateTime>Sep 23 14:47 IST</StartDateTime>
		<StartTestTime>1758619040</StartTestTime>
		<TestList/>
		<EndDateTime>Sep 23 14:47 IST</EndDateTime>
		<EndTestTime>1758619040</EndTestTime>
		<ElapsedMinutes>0</ElapsedMinutes>
	</Testing>
</Site>
